<?xml version="1.0" encoding="UTF-8"?><testsuite errors="1" failures="0" name="Buy products" skipped="0" tests="1" time="3.44" timestamp="2022-05-16 11:21:25"><testcase name="Enter products and remove them in the shopping cart"><error message="Could not instantiate class org.openqa.selenium.firefox.FirefoxDriver" type="net.thucydides.core.webdriver.DriverConfigurationError">Could not instantiate class org.openqa.selenium.firefox.FirefoxDriver</error><system-err>Could not instantiate class org.openqa.selenium.firefox.FirefoxDriver&#13;
co.com.tcs.proyectoautomatizacion.stepdefinitions.BuyProductsStepDefinitions.theUserIsInTheApplicationHttpsWwwLinioComCo(BuyProductsStepDefinitions.java:30)&#13;
cucumber.runner.Runner.runPickle(Runner.java:80)&#13;
worker.org.gradle.process.internal.worker.GradleWorkerMain.run(GradleWorkerMain.java:69)&#13;
worker.org.gradle.process.internal.worker.GradleWorkerMain.main(GradleWorkerMain.java:74)&#13;
</system-err></testcase></testsuite>